This file contains any messages produced by compilers while
running configure, to aid debugging if configure makes a mistake.

It was created by LRE Tiger Compiler configure 1.95.a, which was
generated by GNU Autoconf 2.71.  Invocation command line was

  $ ./configure CXX=g++ CC=gcc --no-create --no-recursion

## --------- ##
## Platform. ##
## --------- ##

hostname = JMZX1
uname -m = x86_64
uname -r = 5.15.167.4-microsoft-standard-WSL2
uname -s = Linux
uname -v = #1 SMP Tue Nov 5 00:21:55 UTC 2024

/usr/bin/uname -p = x86_64
/bin/uname -X     = unknown

/bin/arch              = x86_64
/usr/bin/arch -k       = unknown
/usr/convex/getsysinfo = unknown
/usr/bin/hostinfo      = unknown
/bin/machine           = unknown
/usr/bin/oslevel       = unknown
/bin/universe          = unknown

PATH: /nix/store/nn27l879np49xvx6l1a8nqnqlp9apd8n-bash-interactive-5.2p37/bin/
PATH: /nix/store/8bzs58xjmh4wsnscxx4l1x4igszs7yj0-bison-3.8.2/bin/
PATH: /nix/store/4r05g1i1rfflips84l0h2y49b9y3sjq2-gnum4-1.4.19/bin/
PATH: /nix/store/djp5f864iv0k1lj9n9clhw37giqv5in8-libxslt-1.1.43-dev/bin/
PATH: /nix/store/cr38hyf42hsa6rqszkf2cd0s5bjn991d-libxslt-1.1.43-bin/bin/
PATH: /nix/store/xim2pzkmcii9yd2gphi37nqk5zdvvsak-autoconf-2.72/bin/
PATH: /nix/store/6bhh9s6wrfiw9k8vb8i11wk7zawg1phw-automake-1.16.5/bin/
PATH: /nix/store/915jsq2ab1dd35yvzl89ia3ksh3fgd67-gnumake-4.4.1/bin/
PATH: /nix/store/19pbiwgj6fnq9cfj7iv5da1djndl66b2-libtool-2.5.4/bin/
PATH: /nix/store/yrgnr4naqdjwdhn1q142f8c5yb8jsz37-file-5.45/bin/
PATH: /nix/store/k9lfh0l007sp61rag7d9bf3nn5bg3qy7-perl-5.40.0/bin/
PATH: /nix/store/yll34ziwpqy8z29m8wi91xrjlfg58pf5-swig-4.3.0/bin/
PATH: /nix/store/srci4j923gmyc5rr7bap758hxvcnrgm5-clang-tools-18.1.8/bin/
PATH: /nix/store/zqcnsibj07pn1q6p1biyy95zdjmnqv8k-clang-wrapper-18.1.8/bin/
PATH: /nix/store/q6sayr259kzn0s5vaf8nvgdm6ihqpr24-clang-18.1.8/bin/
PATH: /nix/store/fm1snxs1cg8ml9fjj6kra32sc8413k8z-glibc-2.40-66-bin/bin/
PATH: /nix/store/zwplch93wbpj82bp7riwaixmdx2xi0ah-coreutils-9.7/bin/
PATH: /nix/store/djxjb56bvy0y44sfgkvp505r4w2rc4j7-binutils-wrapper-2.44/bin/
PATH: /nix/store/42pzy4ahwk8p41hwfmz2nldgvsdws8q1-binutils-2.44/bin/
PATH: /nix/store/r9qcs6pbv79s2f9b9ncygzx8z7zb2fdl-llvm-18.1.8-dev/bin/
PATH: /nix/store/hgc91dkd1iqjdic0s55j1j2rycxd20k0-ncurses-6.5-dev/bin/
PATH: /nix/store/vj3rmg6937p9icir6bazbdcb4xdnrg9j-ncurses-6.5/bin/
PATH: /nix/store/1z5amj0bys1i4kgpsbq753phj0cssa52-llvm-18.1.8/bin/
PATH: /nix/store/zb5hsf3gw8m54d9357v5srwlnrdyd7a6-gcc-wrapper-14.3.0/bin/
PATH: /nix/store/qxj3axr1a9vf5fm9y1b9vfq8zfa10wh4-gcc-14.3.0/bin/
PATH: /nix/store/3m34gp34ng0l032h5qm0pfb6n69pqyvv-glibc-multi-2.40-66-bin/bin/
PATH: /nix/store/18qjngwccpmnxbd5inl1fr3jjgi52nxc-binutils-wrapper-2.44/bin/
PATH: /nix/store/hv538pgp584c3l3k675wx1323hq1bhzg-reflex-6.0.0/bin/
PATH: /nix/store/5wf9wpdkxs30811kfgkicn9i3nz9jhsh-patchelf-0.15.0/bin/
PATH: /nix/store/kks0nbx2riwry5qsx0qr87qr0lswmhzi-gcc-wrapper-14.3.0/bin/
PATH: /nix/store/y28c83zz73yr4vwz1fsl4nsrn6yz5fj0-gcc-14.3.0/bin/
PATH: /nix/store/iga4lv0say4pbbbgkf1v79403n1ip7hf-binutils-wrapper-2.44/bin/
PATH: /nix/store/xby9ra8mim7z7xldjjvs2j2gfczjf12g-compiler-rt-libc-18.1.8/bin/
PATH: /nix/store/xwl59mgcwcn7lgbjgqy757kjf9xffnzs-doxygen-1.13.2/bin/
PATH: /nix/store/28j0m439bhrjm65m42j8phc9kpfjb7nr-gdb-16.2/bin/
PATH: /nix/store/12x2i9ghmpxy60vf7p2sf1i7vr79mkl2-graphviz-12.2.1/bin/
PATH: /nix/store/j4vwajflzabmxya5wnl18zml0g7kfckk-valgrind-3.24.0/bin/
PATH: /nix/store/h07251yc15xn383pqan9fi2nx1daa066-libxml2-2.13.8-dev/bin/
PATH: /nix/store/k01q757jxcnjds9yqksr4svj2hw6bfsx-libxml2-2.13.8-bin/bin/
PATH: /nix/store/jd20rkmqmkfkcvk2wl2lmzz7acq4svlr-python3-3.12.12/bin/
PATH: /nix/store/9vay9w6fz6ygsdw057bd6kxmf4nygqa0-python3.12-tqdm-4.67.1/bin/
PATH: /nix/store/zbp4l5249gl4kimvzz4m7530lb687rm0-ovm-0.1/bin/
PATH: /nix/store/dmfzv78gfizpn9z0irqqrb9iz00ah6w1-nolimips-0.11/bin/
PATH: /nix/store/zwplch93wbpj82bp7riwaixmdx2xi0ah-coreutils-9.7/bin/
PATH: /nix/store/c9jzm47zb8j7jbpw4a7zdm35qmhdf6ws-findutils-4.10.0/bin/
PATH: /nix/store/z059fc40f58cp2yflhbpfdg539x66b0g-diffutils-3.12/bin/
PATH: /nix/store/m0i5hf36sv62vgm2ppjkynv03ihdlxvv-gnused-4.9/bin/
PATH: /nix/store/90r466lzg0jw11v60cki60s0qfhs93vp-gnugrep-3.11/bin/
PATH: /nix/store/qvgw9scl3jjy1zsjipm3ngpcq472wj7w-gawk-5.3.2/bin/
PATH: /nix/store/76df6j9sq1ar58id3y3v4rkijany1wxp-gnutar-1.35/bin/
PATH: /nix/store/44c243x0jpv587hmxrzl31pripa0f0j8-gzip-1.14/bin/
PATH: /nix/store/59pgpbm743q1nhav513283zinqrf4rqk-bzip2-1.0.8-bin/bin/
PATH: /nix/store/xpsgmdsqym0ydx6hkvpxrp6174s4fwbl-gnumake-4.4.1/bin/
PATH: /nix/store/l9k32vj2aczxw62134j1x0dsh569jz2l-bash-5.2p37/bin/
PATH: /nix/store/jangxddrzycnc2rl1wc1sqhqp26yrx4k-patch-2.7.6/bin/
PATH: /nix/store/b7g83isqdl778kmcpv6v68z76x4x5riv-xz-5.8.1-bin/bin/
PATH: /nix/store/4zpfjm2r6chc8b10c1xa1d6asy100sqv-file-5.45/bin/
PATH: /usr/lib/jvm/java-11-openjdk-amd64/bin/
PATH: /home/jessim/.local/bin/
PATH: /home/jessim/.sdkman/candidates/maven/current/bin/
PATH: /home/jessim/.sdkman/candidates/java/current/bin/
PATH: /usr/lib/jvm/java-11-openjdk-amd64/bin/
PATH: /home/jessim/.nix-profile/bin/
PATH: /nix/var/nix/profiles/default/bin/
PATH: /usr/local/sbin/
PATH: /usr/local/bin/
PATH: /usr/sbin/
PATH: /usr/bin/
PATH: /sbin/
PATH: /bin/
PATH: /usr/games/
PATH: /usr/local/games/
PATH: /usr/lib/wsl/lib/
PATH: /mnt/c/Program Files/Alacritty/
PATH: /mnt/c/Program Files/ImageMagick-7.1.1-Q16-HDRI/
PATH: /mnt/c/Program Files/Common Files/Oracle/Java/javapath/
PATH: /mnt/c/Program Files (x86)/Common Files/Oracle/Java/javapath/
PATH: /mnt/c/OCaml/bin/
PATH: /mnt/c/WINDOWS/system32/
PATH: /mnt/c/WINDOWS/
PATH: /mnt/c/WINDOWS/System32/Wbem/
PATH: /mnt/c/WINDOWS/System32/WindowsPowerShell/v1.0/
PATH: /mnt/c/WINDOWS/System32/OpenSSH/
PATH: /mnt/c/Program Files/Git/cmd/
PATH: /mnt/c/Program Files/dotnet/
PATH: /mnt/c/Program Files/Docker/Docker/resources/bin/
PATH: /mnt/c/Users/ziani/AppData/Local/Microsoft/WindowsApps/
PATH: /mnt/c/Users/ziani/AppData/Local/Programs/Microsoft VS Code/bin/
PATH: /mnt/c/Users/ziani/AppData/Local/JetBrains/Toolbox/scripts/
PATH: /mnt/c/Users/ziani/AppData/Local/GitHubDesktop/bin/
PATH: /snap/bin/


## ----------- ##
## Core tests. ##
## ----------- ##

configure:2874: looking for aux files: ltmain.sh compile ar-lib config.guess config.sub missing install-sh
configure:2887:  trying ./build-aux/
configure:2916:   ./build-aux/ltmain.sh found
configure:2916:   ./build-aux/compile found
configure:2916:   ./build-aux/ar-lib found
configure:2916:   ./build-aux/config.guess found
configure:2916:   ./build-aux/config.sub found
configure:2916:   ./build-aux/missing found
configure:2898:   ./build-aux/install-sh found
configure:3051: checking for a BSD-compatible install
configure:3124: result: /nix/store/zwplch93wbpj82bp7riwaixmdx2xi0ah-coreutils-9.7/bin/install -c
configure:3135: checking whether build environment is sane
configure:3190: result: yes
configure:3349: checking for a race-free mkdir -p
configure:3393: result: /nix/store/zwplch93wbpj82bp7riwaixmdx2xi0ah-coreutils-9.7/bin/mkdir -p
configure:3400: checking for gawk
configure:3421: found /nix/store/qvgw9scl3jjy1zsjipm3ngpcq472wj7w-gawk-5.3.2/bin/gawk
configure:3432: result: gawk
configure:3443: checking whether make sets $(MAKE)
configure:3466: result: yes
configure:3496: checking whether make supports nested variables
configure:3514: result: yes
configure:3664: checking whether make supports nested variables
configure:3682: result: yes
configure:3834: checking for C++ compiler version
configure:3843: g++ --version >&5
g++ (GCC) 14.3.0
Copyright (C) 2024 Free Software Foundation, Inc.
This is free software; see the source for copying conditions.  There is NO
warranty; not even for MERCHANTABILITY or FITNESS FOR A PARTICULAR PURPOSE.

configure:3854: $? = 0
configure:3843: g++ -v >&5
Using built-in specs.
COLLECT_GCC=/nix/store/qxj3axr1a9vf5fm9y1b9vfq8zfa10wh4-gcc-14.3.0/bin/g++
COLLECT_LTO_WRAPPER=/nix/store/qxj3axr1a9vf5fm9y1b9vfq8zfa10wh4-gcc-14.3.0/libexec/gcc/x86_64-unknown-linux-gnu/14.3.0/lto-wrapper
Target: x86_64-unknown-linux-gnu
Configured with: ../gcc-14.3.0/configure --prefix=/nix/store/eeeeeeeeeeeeeeeeeeeeeeeeeeeeeeee-gcc-14.3.0 --with-gmp-include=/nix/store/eeeeeeeeeeeeeeeeeeeeeeeeeeeeeeee-gmp-6.3.0-dev/include --with-gmp-lib=/nix/store/eeeeeeeeeeeeeeeeeeeeeeeeeeeeeeee-gmp-6.3.0/lib --with-mpfr-include=/nix/store/eeeeeeeeeeeeeeeeeeeeeeeeeeeeeeee-mpfr-4.2.2-dev/include --with-mpfr-lib=/nix/store/eeeeeeeeeeeeeeeeeeeeeeeeeeeeeeee-mpfr-4.2.2/lib --with-mpc=/nix/store/eeeeeeeeeeeeeeeeeeeeeeeeeeeeeeee-libmpc-1.3.1 --with-native-system-header-dir=/nix/store/eeeeeeeeeeeeeeeeeeeeeeeeeeeeeeee-glibc-multi-2.40-66-dev/include --with-build-sysroot=/ --with-gxx-include-dir=/nix/store/eeeeeeeeeeeeeeeeeeeeeeeeeeeeeeee-gcc-14.3.0/include/c++/14.3.0/ --program-prefix= --enable-lto --disable-libstdcxx-pch --without-included-gettext --with-system-zlib --enable-static --enable-languages=c,c++ --enable-multilib --disable-libquadmath --enable-plugin --disable-libcc1 --with-isl=/nix/store/eeeeeeeeeeeeeeeeeeeeeeeeeeeeeeee-isl-0.20 --disable-bootstrap --build=x86_64-unknown-linux-gnu --host=x86_64-unknown-linux-gnu --target=x86_64-unknown-linux-gnu
Thread model: posix
Supported LTO compression algorithms: zlib
gcc version 14.3.0 (GCC) 
configure:3854: $? = 0
configure:3843: g++ -V >&5
g++: error: unrecognized command-line option '-V'
g++: fatal error: no input files
compilation terminated.
configure:3854: $? = 1
configure:3843: g++ -qversion >&5
g++: error: unrecognized command-line option '-qversion'; did you mean '--version'?
g++: fatal error: no input files
compilation terminated.
configure:3854: $? = 1
configure:3874: checking whether the C++ compiler works
configure:3896: g++    conftest.cpp  >&5
configure:3900: $? = 0
configure:3950: result: yes
configure:3953: checking for C++ compiler default output file name
configure:3955: result: a.out
configure:3961: checking for suffix of executables
configure:3968: g++ -o conftest    conftest.cpp  >&5
configure:3972: $? = 0
configure:3995: result: 
configure:4017: checking whether we are cross compiling
configure:4025: g++ -o conftest    conftest.cpp  >&5
configure:4029: $? = 0
configure:4036: ./conftest
configure:4040: $? = 0
configure:4055: result: no
configure:4060: checking for suffix of object files
configure:4083: g++ -c   conftest.cpp >&5
configure:4087: $? = 0
configure:4109: result: o
configure:4113: checking whether the compiler supports GNU C++
configure:4133: g++ -c   conftest.cpp >&5
configure:4133: $? = 0
configure:4143: result: yes
configure:4154: checking whether g++ accepts -g
configure:4175: g++ -c -g  conftest.cpp >&5
configure:4175: $? = 0
configure:4219: result: yes
configure:4239: checking for g++ option to enable C++11 features
configure:4254: g++  -c -g -O2  conftest.cpp >&5
conftest.cpp: In function 'int main(int, char**)':
conftest.cpp:177:25: warning: empty parentheses were disambiguated as a function declaration [-Wvexing-parse]
  177 |   cxx11test::delegate d2();
      |                         ^~
conftest.cpp:177:25: note: remove parentheses to default-initialize a variable
  177 |   cxx11test::delegate d2();
      |                         ^~
      |                         --
conftest.cpp:177:25: note: or replace parentheses with braces to value-initialize a variable
configure:4254: $? = 0
configure:4272: result: none needed
configure:4346: checking for style of include used by make
configure:4394: result: GNU
configure:4421: checking dependency style of g++
configure:4533: result: gcc3
configure:4595: checking build system type
configure:4610: result: x86_64-pc-linux-gnu
configure:4630: checking host system type
configure:4644: result: x86_64-pc-linux-gnu
configure:4714: checking whether C++ compiler accepts -std=c++20
configure:4734: g++ -c -g -O2  -std=c++20  conftest.cpp >&5
configure:4734: $? = 0
configure:4743: result: yes
configure:4760: checking whether C++ compiler accepts -pipe
configure:4780: g++ -c -g -O2 -std=c++20  -pipe  conftest.cpp >&5
configure:4780: $? = 0
configure:4789: result: yes
configure:4800: checking for grep that handles long lines and -e
configure:4864: result: /nix/store/90r466lzg0jw11v60cki60s0qfhs93vp-gnugrep-3.11/bin/grep
configure:4869: checking for egrep
configure:4937: result: /nix/store/90r466lzg0jw11v60cki60s0qfhs93vp-gnugrep-3.11/bin/grep -E
configure:4942: checking whether C++ compiler accepts -Wall
configure:4963: g++ -c -g -O2 -std=c++20 -pipe -Wall  conftest.cpp >&5
configure:4971: $? = 0
configure:4974: test -s conftest.o
configure:4977: $? = 0
configure:4992: result: yes
configure:4998: checking whether C++ compiler accepts -W
configure:5019: g++ -c -g -O2 -std=c++20 -pipe -W  conftest.cpp >&5
configure:5027: $? = 0
configure:5030: test -s conftest.o
configure:5033: $? = 0
configure:5048: result: yes
configure:5054: checking whether C++ compiler accepts -Wcast-align
configure:5075: g++ -c -g -O2 -std=c++20 -pipe -Wcast-align  conftest.cpp >&5
configure:5083: $? = 0
configure:5086: test -s conftest.o
configure:5089: $? = 0
configure:5104: result: yes
configure:5110: checking whether C++ compiler accepts -Wcast-qual
configure:5131: g++ -c -g -O2 -std=c++20 -pipe -Wcast-qual  conftest.cpp >&5
configure:5139: $? = 0
configure:5142: test -s conftest.o
configure:5145: $? = 0
configure:5160: result: yes
configure:5166: checking whether C++ compiler accepts -Wformat
configure:5187: g++ -c -g -O2 -std=c++20 -pipe -Wformat  conftest.cpp >&5
configure:5195: $? = 0
configure:5198: test -s conftest.o
configure:5201: $? = 0
configure:5216: result: yes
configure:5222: checking whether C++ compiler accepts -Wmissing-prototypes
configure:5243: g++ -c -g -O2 -std=c++20 -pipe -Wmissing-prototypes  conftest.cpp >&5
cc1plus: warning: command-line option '-Wmissing-prototypes' is valid for C/ObjC but not for C++
configure:5251: $? = 0
configure:5254: test -s conftest.o
configure:5257: $? = 0
configure:5272: result: no
configure:5278: checking whether C++ compiler accepts -Wstrict-prototypes
configure:5299: g++ -c -g -O2 -std=c++20 -pipe -Wstrict-prototypes  conftest.cpp >&5
cc1plus: warning: command-line option '-Wstrict-prototypes' is valid for C/ObjC but not for C++
configure:5307: $? = 0
configure:5310: test -s conftest.o
configure:5313: $? = 0
configure:5328: result: no
configure:5334: checking whether C++ compiler accepts -Wwrite-strings
configure:5355: g++ -c -g -O2 -std=c++20 -pipe -Wwrite-strings  conftest.cpp >&5
configure:5363: $? = 0
configure:5366: test -s conftest.o
configure:5369: $? = 0
configure:5384: result: yes
configure:5390: checking whether C++ compiler accepts -Wbad-function-cast
configure:5411: g++ -c -g -O2 -std=c++20 -pipe -Wbad-function-cast  conftest.cpp >&5
cc1plus: warning: command-line option '-Wbad-function-cast' is valid for C/ObjC but not for C++
configure:5419: $? = 0
configure:5422: test -s conftest.o
configure:5425: $? = 0
configure:5440: result: no
configure:5446: checking whether C++ compiler accepts -Wmissing-declarations
configure:5467: g++ -c -g -O2 -std=c++20 -pipe -Wmissing-declarations  conftest.cpp >&5
configure:5475: $? = 0
configure:5478: test -s conftest.o
configure:5481: $? = 0
configure:5496: result: yes
configure:5502: checking whether C++ compiler accepts -Wnested-externs
configure:5523: g++ -c -g -O2 -std=c++20 -pipe -Wnested-externs  conftest.cpp >&5
cc1plus: warning: command-line option '-Wnested-externs' is valid for C/ObjC but not for C++
configure:5531: $? = 0
configure:5534: test -s conftest.o
configure:5537: $? = 0
configure:5552: result: no
configure:5558: checking whether C++ compiler accepts -Wunused-parameter
configure:5579: g++ -c -g -O2 -std=c++20 -pipe -Wunused-parameter  conftest.cpp >&5
configure:5587: $? = 0
configure:5590: test -s conftest.o
configure:5593: $? = 0
configure:5608: result: yes
configure:5614: checking whether C++ compiler accepts -Wunused-function
configure:5635: g++ -c -g -O2 -std=c++20 -pipe -Wunused-function  conftest.cpp >&5
configure:5643: $? = 0
configure:5646: test -s conftest.o
configure:5649: $? = 0
configure:5664: result: yes
configure:5670: checking whether C++ compiler accepts -Woverloaded-virtual
configure:5691: g++ -c -g -O2 -std=c++20 -pipe -Woverloaded-virtual  conftest.cpp >&5
configure:5699: $? = 0
configure:5702: test -s conftest.o
configure:5705: $? = 0
configure:5720: result: yes
configure:5726: checking whether C++ compiler accepts 
configure:5747: g++ -c -g -O2 -std=c++20 -pipe   conftest.cpp >&5

## ---------------- ##
## Cache variables. ##
## ---------------- ##

ac_cv_build=x86_64-pc-linux-gnu
ac_cv_cxx_compiler_gnu=yes
ac_cv_cxx_supports_=no
ac_cv_cxx_supports__W=yes
ac_cv_cxx_supports__Wall=yes
ac_cv_cxx_supports__Wbad_function_cast=no
ac_cv_cxx_supports__Wcast_align=yes
ac_cv_cxx_supports__Wcast_qual=yes
ac_cv_cxx_supports__Wformat=yes
ac_cv_cxx_supports__Wmissing_declarations=yes
ac_cv_cxx_supports__Wmissing_prototypes=no
ac_cv_cxx_supports__Wnested_externs=no
ac_cv_cxx_supports__Woverloaded_virtual=yes
ac_cv_cxx_supports__Wstrict_prototypes=no
ac_cv_cxx_supports__Wunused_function=yes
ac_cv_cxx_supports__Wunused_parameter=yes
ac_cv_cxx_supports__Wwrite_strings=yes
ac_cv_env_BISON_set=
ac_cv_env_BISON_value=
ac_cv_env_BOOST_ROOT_set=
ac_cv_env_BOOST_ROOT_value=
ac_cv_env_CCC_set=
ac_cv_env_CCC_value=
ac_cv_env_CC_set=set
ac_cv_env_CC_value=gcc
ac_cv_env_CFLAGS_set=
ac_cv_env_CFLAGS_value=
ac_cv_env_CPPFLAGS_set=
ac_cv_env_CPPFLAGS_value=
ac_cv_env_CXXCPP_set=
ac_cv_env_CXXCPP_value=
ac_cv_env_CXXFLAGS_set=
ac_cv_env_CXXFLAGS_value=
ac_cv_env_CXX_set=set
ac_cv_env_CXX_value=g++
ac_cv_env_EMACSLOADPATH_set=
ac_cv_env_EMACSLOADPATH_value=
ac_cv_env_EMACS_set=
ac_cv_env_EMACS_value=
ac_cv_env_LDFLAGS_set=
ac_cv_env_LDFLAGS_value=
ac_cv_env_LIBS_set=
ac_cv_env_LIBS_value=
ac_cv_env_LT_SYS_LIBRARY_PATH_set=
ac_cv_env_LT_SYS_LIBRARY_PATH_value=
ac_cv_env_PYTHON_set=
ac_cv_env_PYTHON_value=
ac_cv_env_REFLEX_set=
ac_cv_env_REFLEX_value=
ac_cv_env_build_alias_set=
ac_cv_env_build_alias_value=
ac_cv_env_host_alias_set=
ac_cv_env_host_alias_value=
ac_cv_env_target_alias_set=
ac_cv_env_target_alias_value=
ac_cv_host=x86_64-pc-linux-gnu
ac_cv_objext=o
ac_cv_path_EGREP='/nix/store/90r466lzg0jw11v60cki60s0qfhs93vp-gnugrep-3.11/bin/grep -E'
ac_cv_path_GREP=/nix/store/90r466lzg0jw11v60cki60s0qfhs93vp-gnugrep-3.11/bin/grep
ac_cv_path_install='/nix/store/zwplch93wbpj82bp7riwaixmdx2xi0ah-coreutils-9.7/bin/install -c'
ac_cv_path_mkdir=/nix/store/zwplch93wbpj82bp7riwaixmdx2xi0ah-coreutils-9.7/bin/mkdir
ac_cv_prog_AWK=gawk
ac_cv_prog_cxx_11=no
ac_cv_prog_cxx_cxx11=
ac_cv_prog_cxx_g=yes
ac_cv_prog_cxx_stdcxx=
ac_cv_prog_make_make_set=yes
am_cv_CXX_dependencies_compiler_type=gcc3
am_cv_make_support_nested_variables=yes
ax_cv_check_cxxflags___pipe=yes
ax_cv_check_cxxflags___std_cpp20=yes

## ----------------- ##
## Output variables. ##
## ----------------- ##

ACLOCAL='${SHELL} '\''/home/jessim/dev/Tiger/build-aux/missing'\'' aclocal-1.16'
AMDEPBACKSLASH='\'
AMDEP_FALSE='#'
AMDEP_TRUE=''
AMTAR='$${TAR-tar}'
AM_BACKSLASH='\'
AM_DEFAULT_V='$(AM_DEFAULT_VERBOSITY)'
AM_DEFAULT_VERBOSITY='0'
AM_V='$(V)'
AR='ar'
AUTOCONF='${SHELL} '\''/home/jessim/dev/Tiger/build-aux/missing'\'' autoconf'
AUTOHEADER='${SHELL} '\''/home/jessim/dev/Tiger/build-aux/missing'\'' autoheader'
AUTOMAKE='${SHELL} '\''/home/jessim/dev/Tiger/build-aux/missing'\'' automake-1.16'
AWK='gawk'
BISON=''
BOOST_CPPFLAGS=''
BOOST_GRAPH_LDFLAGS=''
BOOST_GRAPH_LDPATH=''
BOOST_GRAPH_LIBS=''
BOOST_LDPATH=''
BOOST_PROGRAM_OPTIONS_LDFLAGS=''
BOOST_PROGRAM_OPTIONS_LDPATH=''
BOOST_PROGRAM_OPTIONS_LIBS=''
BOOST_ROOT=''
BOOST_SYSTEM_LDFLAGS=''
BOOST_SYSTEM_LDPATH=''
BOOST_SYSTEM_LIBS=''
CC='gcc'
CCDEPMODE=''
CFLAGS=''
CLANG_FORMAT=''
CPPFLAGS=''
CSCOPE='cscope'
CTAGS='ctags'
CXX='g++'
CXXCPP=''
CXXDEPMODE='depmode=gcc3'
CXXFLAGS='-g -O2 -std=c++20 -pipe '
CYGPATH_W='echo'
DARWIN_FALSE=''
DARWIN_TRUE=''
DEFS=''
DEPDIR='.deps'
DISTCHECK_CONFIGURE_FLAGS=''
DLLTOOL=''
DSYMUTIL=''
DUMPBIN=''
ECHO_C=''
ECHO_N='-n'
ECHO_T=''
EGREP='/nix/store/90r466lzg0jw11v60cki60s0qfhs93vp-gnugrep-3.11/bin/grep -E'
EMACS=''
EMACSLOADPATH=''
ENABLE_TCSH_FALSE=''
ENABLE_TCSH_TRUE=''
ETAGS='etags'
EXEEXT=''
FGREP=''
GREP='/nix/store/90r466lzg0jw11v60cki60s0qfhs93vp-gnugrep-3.11/bin/grep'
IA32_FREEBSD_FALSE=''
IA32_FREEBSD_TRUE=''
IA32_GNU_LINUX_FALSE=''
IA32_GNU_LINUX_TRUE=''
INSTALL_DATA='${INSTALL} -m 644'
INSTALL_PROGRAM='${INSTALL}'
INSTALL_SCRIPT='${INSTALL}'
INSTALL_STRIP_PROGRAM='$(install_sh) -c -s'
LD='ld -m elf_x86_64 -m elf_x86_64 -m elf_x86_64 -m elf_x86_64 -m elf_x86_64'
LDFLAGS=''
LIBOBJS=''
LIBS=''
LIBTOOL=''
LIPO=''
LN_S=''
LTLIBOBJS=''
LT_SYS_LIBRARY_PATH=''
MAKEINFO='${SHELL} '\''/home/jessim/dev/Tiger/build-aux/missing'\'' makeinfo'
MANIFEST_TOOL=''
MKDIR_P='/nix/store/zwplch93wbpj82bp7riwaixmdx2xi0ah-coreutils-9.7/bin/mkdir -p'
NM='nm'
NMEDIT=''
NO_STRICT_ALIASING_CXXFLAGS=''
OBJDUMP='objdump'
OBJEXT='o'
OTOOL64=''
OTOOL=''
PACKAGE='tc'
PACKAGE_BUGREPORT='tiger@lrde.epita.fr'
PACKAGE_NAME='LRE Tiger Compiler'
PACKAGE_STRING='LRE Tiger Compiler 1.95.a'
PACKAGE_TARNAME='tc'
PACKAGE_URL='http://tiger.lrde.epita.fr'
PACKAGE_VERSION='1.95.a'
PATH_SEPARATOR=':'
PYTHON=''
PYTHONINC=''
PYTHON_EXEC_PREFIX=''
PYTHON_PLATFORM=''
PYTHON_PREFIX=''
PYTHON_VERSION=''
RANLIB='ranlib'
REFLEX=''
SED=''
SET_MAKE=''
SHELL='/nix/store/l9k32vj2aczxw62134j1x0dsh569jz2l-bash-5.2p37/bin/bash'
STRIP='strip'
SUPPORTED_IA32_FALSE=''
SUPPORTED_IA32_TRUE=''
SWIG=''
SWIG_LIB=''
VERSION='1.95.a'
WARNING_CXXFLAGS=' -Wall -W -Wcast-align -Wcast-qual -Wformat -Wwrite-strings -Wmissing-declarations -Wunused-parameter -Wunused-function -Woverloaded-virtual'
ac_ct_AR=''
ac_ct_CC=''
ac_ct_CXX=''
ac_ct_DUMPBIN=''
am__EXEEXT_FALSE=''
am__EXEEXT_TRUE=''
am__fastdepCC_FALSE=''
am__fastdepCC_TRUE=''
am__fastdepCXX_FALSE='#'
am__fastdepCXX_TRUE=''
am__include='-include'
am__isrc=''
am__leading_dot='.'
am__nodep='_no'
am__quote=''
am__tar='$${TAR-tar} chof - "$$tardir"'
am__untar='$${TAR-tar} xf -'
bindir='${exec_prefix}/bin'
build='x86_64-pc-linux-gnu'
build_alias=''
build_cpu='x86_64'
build_os='linux-gnu'
build_vendor='pc'
datadir='${datarootdir}'
datarootdir='${prefix}/share'
docdir='${datarootdir}/doc/${PACKAGE_TARNAME}'
dvidir='${docdir}'
exec_prefix='NONE'
host='x86_64-pc-linux-gnu'
host_alias=''
host_cpu='x86_64'
host_os='linux-gnu'
host_vendor='pc'
htmldir='${docdir}'
includedir='${prefix}/include'
infodir='${datarootdir}/info'
install_sh='${SHELL} /home/jessim/dev/Tiger/build-aux/install-sh'
libdir='${exec_prefix}/lib'
libexecdir='${exec_prefix}/libexec'
lispdir=''
localedir='${datarootdir}/locale'
localstatedir='${prefix}/var'
mandir='${datarootdir}/man'
mkdir_p='$(MKDIR_P)'
oldincludedir='/usr/include'
pdfdir='${docdir}'
pkgpyexecdir=''
pkgpythondir=''
prefix='NONE'
program_transform_name='s,x,x,'
psdir='${docdir}'
pyexecdir=''
pythondir=''
runstatedir='${localstatedir}/run'
sbindir='${exec_prefix}/sbin'
sharedstatedir='${prefix}/com'
sysconfdir='${prefix}/etc'
target_alias=''

## ----------- ##
## confdefs.h. ##
## ----------- ##

/* confdefs.h */
#define PACKAGE_NAME "LRE Tiger Compiler"
#define PACKAGE_TARNAME "tc"
#define PACKAGE_VERSION "1.95.a"
#define PACKAGE_STRING "LRE Tiger Compiler 1.95.a"
#define PACKAGE_BUGREPORT "tiger@lrde.epita.fr"
#define PACKAGE_URL "http://tiger.lrde.epita.fr"
#define PACKAGE "tc"
#define VERSION "1.95.a"

configure: caught signal 2
configure: exit 1
