This file contains any messages produced by compilers while
running configure, to aid debugging if configure makes a mistake.

It was created by LRE Tiger Compiler configure 1.95.a, which was
generated by GNU Autoconf 2.72.  Invocation command line was

  $ ../configure

## --------- ##
## Platform. ##
## --------- ##

hostname = joachim-IdeaPad-1-15ALC7
uname -m = x86_64
uname -r = 6.14.0-37-generic
uname -s = Linux
uname -v = #37~24.04.1-Ubuntu SMP PREEMPT_DYNAMIC Thu Nov 20 10:25:38 UTC 2

/usr/bin/uname -p = x86_64
/bin/uname -X     = unknown

/bin/arch              = x86_64
/usr/bin/arch -k       = unknown
/usr/convex/getsysinfo = unknown
/usr/bin/hostinfo      = unknown
/bin/machine           = unknown
/usr/bin/oslevel       = unknown
/bin/universe          = unknown

PATH: /nix/store/nn27l879np49xvx6l1a8nqnqlp9apd8n-bash-interactive-5.2p37/bin/
PATH: /nix/store/8bzs58xjmh4wsnscxx4l1x4igszs7yj0-bison-3.8.2/bin/
PATH: /nix/store/4r05g1i1rfflips84l0h2y49b9y3sjq2-gnum4-1.4.19/bin/
PATH: /nix/store/djp5f864iv0k1lj9n9clhw37giqv5in8-libxslt-1.1.43-dev/bin/
PATH: /nix/store/cr38hyf42hsa6rqszkf2cd0s5bjn991d-libxslt-1.1.43-bin/bin/
PATH: /nix/store/xim2pzkmcii9yd2gphi37nqk5zdvvsak-autoconf-2.72/bin/
PATH: /nix/store/6bhh9s6wrfiw9k8vb8i11wk7zawg1phw-automake-1.16.5/bin/
PATH: /nix/store/915jsq2ab1dd35yvzl89ia3ksh3fgd67-gnumake-4.4.1/bin/
PATH: /nix/store/19pbiwgj6fnq9cfj7iv5da1djndl66b2-libtool-2.5.4/bin/
PATH: /nix/store/yrgnr4naqdjwdhn1q142f8c5yb8jsz37-file-5.45/bin/
PATH: /nix/store/k9lfh0l007sp61rag7d9bf3nn5bg3qy7-perl-5.40.0/bin/
PATH: /nix/store/yll34ziwpqy8z29m8wi91xrjlfg58pf5-swig-4.3.0/bin/
PATH: /nix/store/srci4j923gmyc5rr7bap758hxvcnrgm5-clang-tools-18.1.8/bin/
PATH: /nix/store/zqcnsibj07pn1q6p1biyy95zdjmnqv8k-clang-wrapper-18.1.8/bin/
PATH: /nix/store/q6sayr259kzn0s5vaf8nvgdm6ihqpr24-clang-18.1.8/bin/
PATH: /nix/store/fm1snxs1cg8ml9fjj6kra32sc8413k8z-glibc-2.40-66-bin/bin/
PATH: /nix/store/zwplch93wbpj82bp7riwaixmdx2xi0ah-coreutils-9.7/bin/
PATH: /nix/store/djxjb56bvy0y44sfgkvp505r4w2rc4j7-binutils-wrapper-2.44/bin/
PATH: /nix/store/42pzy4ahwk8p41hwfmz2nldgvsdws8q1-binutils-2.44/bin/
PATH: /nix/store/r9qcs6pbv79s2f9b9ncygzx8z7zb2fdl-llvm-18.1.8-dev/bin/
PATH: /nix/store/hgc91dkd1iqjdic0s55j1j2rycxd20k0-ncurses-6.5-dev/bin/
PATH: /nix/store/vj3rmg6937p9icir6bazbdcb4xdnrg9j-ncurses-6.5/bin/
PATH: /nix/store/1z5amj0bys1i4kgpsbq753phj0cssa52-llvm-18.1.8/bin/
PATH: /nix/store/zb5hsf3gw8m54d9357v5srwlnrdyd7a6-gcc-wrapper-14.3.0/bin/
PATH: /nix/store/qxj3axr1a9vf5fm9y1b9vfq8zfa10wh4-gcc-14.3.0/bin/
PATH: /nix/store/3m34gp34ng0l032h5qm0pfb6n69pqyvv-glibc-multi-2.40-66-bin/bin/
PATH: /nix/store/18qjngwccpmnxbd5inl1fr3jjgi52nxc-binutils-wrapper-2.44/bin/
PATH: /nix/store/hv538pgp584c3l3k675wx1323hq1bhzg-reflex-6.0.0/bin/
PATH: /nix/store/5wf9wpdkxs30811kfgkicn9i3nz9jhsh-patchelf-0.15.0/bin/
PATH: /nix/store/kks0nbx2riwry5qsx0qr87qr0lswmhzi-gcc-wrapper-14.3.0/bin/
PATH: /nix/store/y28c83zz73yr4vwz1fsl4nsrn6yz5fj0-gcc-14.3.0/bin/
PATH: /nix/store/iga4lv0say4pbbbgkf1v79403n1ip7hf-binutils-wrapper-2.44/bin/
PATH: /nix/store/xby9ra8mim7z7xldjjvs2j2gfczjf12g-compiler-rt-libc-18.1.8/bin/
PATH: /nix/store/xwl59mgcwcn7lgbjgqy757kjf9xffnzs-doxygen-1.13.2/bin/
PATH: /nix/store/28j0m439bhrjm65m42j8phc9kpfjb7nr-gdb-16.2/bin/
PATH: /nix/store/12x2i9ghmpxy60vf7p2sf1i7vr79mkl2-graphviz-12.2.1/bin/
PATH: /nix/store/j4vwajflzabmxya5wnl18zml0g7kfckk-valgrind-3.24.0/bin/
PATH: /nix/store/h07251yc15xn383pqan9fi2nx1daa066-libxml2-2.13.8-dev/bin/
PATH: /nix/store/k01q757jxcnjds9yqksr4svj2hw6bfsx-libxml2-2.13.8-bin/bin/
PATH: /nix/store/jd20rkmqmkfkcvk2wl2lmzz7acq4svlr-python3-3.12.12/bin/
PATH: /nix/store/9vay9w6fz6ygsdw057bd6kxmf4nygqa0-python3.12-tqdm-4.67.1/bin/
PATH: /nix/store/zbp4l5249gl4kimvzz4m7530lb687rm0-ovm-0.1/bin/
PATH: /nix/store/dmfzv78gfizpn9z0irqqrb9iz00ah6w1-nolimips-0.11/bin/
PATH: /nix/store/zwplch93wbpj82bp7riwaixmdx2xi0ah-coreutils-9.7/bin/
PATH: /nix/store/c9jzm47zb8j7jbpw4a7zdm35qmhdf6ws-findutils-4.10.0/bin/
PATH: /nix/store/z059fc40f58cp2yflhbpfdg539x66b0g-diffutils-3.12/bin/
PATH: /nix/store/m0i5hf36sv62vgm2ppjkynv03ihdlxvv-gnused-4.9/bin/
PATH: /nix/store/90r466lzg0jw11v60cki60s0qfhs93vp-gnugrep-3.11/bin/
PATH: /nix/store/qvgw9scl3jjy1zsjipm3ngpcq472wj7w-gawk-5.3.2/bin/
PATH: /nix/store/76df6j9sq1ar58id3y3v4rkijany1wxp-gnutar-1.35/bin/
PATH: /nix/store/44c243x0jpv587hmxrzl31pripa0f0j8-gzip-1.14/bin/
PATH: /nix/store/59pgpbm743q1nhav513283zinqrf4rqk-bzip2-1.0.8-bin/bin/
PATH: /nix/store/xpsgmdsqym0ydx6hkvpxrp6174s4fwbl-gnumake-4.4.1/bin/
PATH: /nix/store/l9k32vj2aczxw62134j1x0dsh569jz2l-bash-5.2p37/bin/
PATH: /nix/store/jangxddrzycnc2rl1wc1sqhqp26yrx4k-patch-2.7.6/bin/
PATH: /nix/store/b7g83isqdl778kmcpv6v68z76x4x5riv-xz-5.8.1-bin/bin/
PATH: /nix/store/4zpfjm2r6chc8b10c1xa1d6asy100sqv-file-5.45/bin/
PATH: /nix/store/nn27l879np49xvx6l1a8nqnqlp9apd8n-bash-interactive-5.2p37/bin/
PATH: /nix/store/8bzs58xjmh4wsnscxx4l1x4igszs7yj0-bison-3.8.2/bin/
PATH: /nix/store/4r05g1i1rfflips84l0h2y49b9y3sjq2-gnum4-1.4.19/bin/
PATH: /nix/store/djp5f864iv0k1lj9n9clhw37giqv5in8-libxslt-1.1.43-dev/bin/
PATH: /nix/store/cr38hyf42hsa6rqszkf2cd0s5bjn991d-libxslt-1.1.43-bin/bin/
PATH: /nix/store/xim2pzkmcii9yd2gphi37nqk5zdvvsak-autoconf-2.72/bin/
PATH: /nix/store/6bhh9s6wrfiw9k8vb8i11wk7zawg1phw-automake-1.16.5/bin/
PATH: /nix/store/915jsq2ab1dd35yvzl89ia3ksh3fgd67-gnumake-4.4.1/bin/
PATH: /nix/store/19pbiwgj6fnq9cfj7iv5da1djndl66b2-libtool-2.5.4/bin/
PATH: /nix/store/yrgnr4naqdjwdhn1q142f8c5yb8jsz37-file-5.45/bin/
PATH: /nix/store/k9lfh0l007sp61rag7d9bf3nn5bg3qy7-perl-5.40.0/bin/
PATH: /nix/store/yll34ziwpqy8z29m8wi91xrjlfg58pf5-swig-4.3.0/bin/
PATH: /nix/store/srci4j923gmyc5rr7bap758hxvcnrgm5-clang-tools-18.1.8/bin/
PATH: /nix/store/zqcnsibj07pn1q6p1biyy95zdjmnqv8k-clang-wrapper-18.1.8/bin/
PATH: /nix/store/q6sayr259kzn0s5vaf8nvgdm6ihqpr24-clang-18.1.8/bin/
PATH: /nix/store/fm1snxs1cg8ml9fjj6kra32sc8413k8z-glibc-2.40-66-bin/bin/
PATH: /nix/store/zwplch93wbpj82bp7riwaixmdx2xi0ah-coreutils-9.7/bin/
PATH: /nix/store/djxjb56bvy0y44sfgkvp505r4w2rc4j7-binutils-wrapper-2.44/bin/
PATH: /nix/store/42pzy4ahwk8p41hwfmz2nldgvsdws8q1-binutils-2.44/bin/
PATH: /nix/store/r9qcs6pbv79s2f9b9ncygzx8z7zb2fdl-llvm-18.1.8-dev/bin/
PATH: /nix/store/hgc91dkd1iqjdic0s55j1j2rycxd20k0-ncurses-6.5-dev/bin/
PATH: /nix/store/vj3rmg6937p9icir6bazbdcb4xdnrg9j-ncurses-6.5/bin/
PATH: /nix/store/1z5amj0bys1i4kgpsbq753phj0cssa52-llvm-18.1.8/bin/
PATH: /nix/store/zb5hsf3gw8m54d9357v5srwlnrdyd7a6-gcc-wrapper-14.3.0/bin/
PATH: /nix/store/qxj3axr1a9vf5fm9y1b9vfq8zfa10wh4-gcc-14.3.0/bin/
PATH: /nix/store/3m34gp34ng0l032h5qm0pfb6n69pqyvv-glibc-multi-2.40-66-bin/bin/
PATH: /nix/store/18qjngwccpmnxbd5inl1fr3jjgi52nxc-binutils-wrapper-2.44/bin/
PATH: /nix/store/hv538pgp584c3l3k675wx1323hq1bhzg-reflex-6.0.0/bin/
PATH: /nix/store/5wf9wpdkxs30811kfgkicn9i3nz9jhsh-patchelf-0.15.0/bin/
PATH: /nix/store/kks0nbx2riwry5qsx0qr87qr0lswmhzi-gcc-wrapper-14.3.0/bin/
PATH: /nix/store/y28c83zz73yr4vwz1fsl4nsrn6yz5fj0-gcc-14.3.0/bin/
PATH: /nix/store/iga4lv0say4pbbbgkf1v79403n1ip7hf-binutils-wrapper-2.44/bin/
PATH: /nix/store/xby9ra8mim7z7xldjjvs2j2gfczjf12g-compiler-rt-libc-18.1.8/bin/
PATH: /nix/store/xwl59mgcwcn7lgbjgqy757kjf9xffnzs-doxygen-1.13.2/bin/
PATH: /nix/store/28j0m439bhrjm65m42j8phc9kpfjb7nr-gdb-16.2/bin/
PATH: /nix/store/12x2i9ghmpxy60vf7p2sf1i7vr79mkl2-graphviz-12.2.1/bin/
PATH: /nix/store/j4vwajflzabmxya5wnl18zml0g7kfckk-valgrind-3.24.0/bin/
PATH: /nix/store/h07251yc15xn383pqan9fi2nx1daa066-libxml2-2.13.8-dev/bin/
PATH: /nix/store/k01q757jxcnjds9yqksr4svj2hw6bfsx-libxml2-2.13.8-bin/bin/
PATH: /nix/store/jd20rkmqmkfkcvk2wl2lmzz7acq4svlr-python3-3.12.12/bin/
PATH: /nix/store/9vay9w6fz6ygsdw057bd6kxmf4nygqa0-python3.12-tqdm-4.67.1/bin/
PATH: /nix/store/zbp4l5249gl4kimvzz4m7530lb687rm0-ovm-0.1/bin/
PATH: /nix/store/dmfzv78gfizpn9z0irqqrb9iz00ah6w1-nolimips-0.11/bin/
PATH: /nix/store/zwplch93wbpj82bp7riwaixmdx2xi0ah-coreutils-9.7/bin/
PATH: /nix/store/c9jzm47zb8j7jbpw4a7zdm35qmhdf6ws-findutils-4.10.0/bin/
PATH: /nix/store/z059fc40f58cp2yflhbpfdg539x66b0g-diffutils-3.12/bin/
PATH: /nix/store/m0i5hf36sv62vgm2ppjkynv03ihdlxvv-gnused-4.9/bin/
PATH: /nix/store/90r466lzg0jw11v60cki60s0qfhs93vp-gnugrep-3.11/bin/
PATH: /nix/store/qvgw9scl3jjy1zsjipm3ngpcq472wj7w-gawk-5.3.2/bin/
PATH: /nix/store/76df6j9sq1ar58id3y3v4rkijany1wxp-gnutar-1.35/bin/
PATH: /nix/store/44c243x0jpv587hmxrzl31pripa0f0j8-gzip-1.14/bin/
PATH: /nix/store/59pgpbm743q1nhav513283zinqrf4rqk-bzip2-1.0.8-bin/bin/
PATH: /nix/store/xpsgmdsqym0ydx6hkvpxrp6174s4fwbl-gnumake-4.4.1/bin/
PATH: /nix/store/l9k32vj2aczxw62134j1x0dsh569jz2l-bash-5.2p37/bin/
PATH: /nix/store/jangxddrzycnc2rl1wc1sqhqp26yrx4k-patch-2.7.6/bin/
PATH: /nix/store/b7g83isqdl778kmcpv6v68z76x4x5riv-xz-5.8.1-bin/bin/
PATH: /nix/store/4zpfjm2r6chc8b10c1xa1d6asy100sqv-file-5.45/bin/
PATH: /home/joachim/.nix-profile/bin/
PATH: /nix/var/nix/profiles/default/bin/
PATH: /usr/local/sbin/
PATH: /usr/local/bin/
PATH: /usr/sbin/
PATH: /usr/bin/
PATH: /sbin/
PATH: /bin/
PATH: /usr/games/
PATH: /usr/local/games/
PATH: /snap/bin/
PATH: /snap/bin/
PATH: /home/joachim/.local/bin/
PATH: /home/joachim/.local/bin/
PATH: /home/joachim/.local/bin/


## ----------- ##
## Core tests. ##
## ----------- ##

configure:2898: looking for aux files: ltmain.sh compile ar-lib config.guess config.sub missing install-sh
configure:2911:  trying ../build-aux/
configure:2940:   ../build-aux/ltmain.sh found
configure:2940:   ../build-aux/compile found
configure:2940:   ../build-aux/ar-lib found
configure:2940:   ../build-aux/config.guess found
configure:2940:   ../build-aux/config.sub found
configure:2940:   ../build-aux/missing found
configure:2922:   ../build-aux/install-sh found
configure:3076: checking for a BSD-compatible install
configure:3150: result: /nix/store/zwplch93wbpj82bp7riwaixmdx2xi0ah-coreutils-9.7/bin/install -c
configure:3161: checking whether build environment is sane
configure:3216: result: yes
configure:3377: checking for a race-free mkdir -p
configure:3420: result: /nix/store/zwplch93wbpj82bp7riwaixmdx2xi0ah-coreutils-9.7/bin/mkdir -p
configure:3427: checking for gawk
configure:3448: found /nix/store/qvgw9scl3jjy1zsjipm3ngpcq472wj7w-gawk-5.3.2/bin/gawk
configure:3460: result: gawk
configure:3471: checking whether make sets $(MAKE)
configure:3495: result: yes
configure:3525: checking whether make supports nested variables
configure:3544: result: yes
configure:3561: error: source directory already configured; run "make distclean" there first

## ---------------- ##
## Cache variables. ##
## ---------------- ##

ac_cv_env_BISON_set=
ac_cv_env_BISON_value=
ac_cv_env_BOOST_ROOT_set=
ac_cv_env_BOOST_ROOT_value=
ac_cv_env_CCC_set=
ac_cv_env_CCC_value=
ac_cv_env_CC_set=set
ac_cv_env_CC_value=gcc
ac_cv_env_CFLAGS_set=
ac_cv_env_CFLAGS_value=
ac_cv_env_CPPFLAGS_set=
ac_cv_env_CPPFLAGS_value=
ac_cv_env_CXXCPP_set=
ac_cv_env_CXXCPP_value=
ac_cv_env_CXXFLAGS_set=
ac_cv_env_CXXFLAGS_value=
ac_cv_env_CXX_set=set
ac_cv_env_CXX_value=g++
ac_cv_env_EMACSLOADPATH_set=
ac_cv_env_EMACSLOADPATH_value=
ac_cv_env_EMACS_set=
ac_cv_env_EMACS_value=
ac_cv_env_LDFLAGS_set=
ac_cv_env_LDFLAGS_value=
ac_cv_env_LIBS_set=
ac_cv_env_LIBS_value=
ac_cv_env_LT_SYS_LIBRARY_PATH_set=
ac_cv_env_LT_SYS_LIBRARY_PATH_value=
ac_cv_env_PYTHON_set=
ac_cv_env_PYTHON_value=
ac_cv_env_REFLEX_set=
ac_cv_env_REFLEX_value=
ac_cv_env_build_alias_set=
ac_cv_env_build_alias_value=
ac_cv_env_host_alias_set=
ac_cv_env_host_alias_value=
ac_cv_env_target_alias_set=
ac_cv_env_target_alias_value=
ac_cv_path_install='/nix/store/zwplch93wbpj82bp7riwaixmdx2xi0ah-coreutils-9.7/bin/install -c'
ac_cv_path_mkdir=/nix/store/zwplch93wbpj82bp7riwaixmdx2xi0ah-coreutils-9.7/bin/mkdir
ac_cv_prog_AWK=gawk
ac_cv_prog_make_make_set=yes
am_cv_make_support_nested_variables=yes

## ----------------- ##
## Output variables. ##
## ----------------- ##

ACLOCAL=''
AMDEPBACKSLASH=''
AMDEP_FALSE=''
AMDEP_TRUE=''
AMTAR=''
AM_BACKSLASH='\'
AM_DEFAULT_V='$(AM_DEFAULT_VERBOSITY)'
AM_DEFAULT_VERBOSITY='1'
AM_V='$(V)'
AR='ar'
AUTOCONF=''
AUTOHEADER=''
AUTOMAKE=''
AWK='gawk'
BISON=''
BOOST_CPPFLAGS=''
BOOST_GRAPH_LDFLAGS=''
BOOST_GRAPH_LDPATH=''
BOOST_GRAPH_LIBS=''
BOOST_LDPATH=''
BOOST_PROGRAM_OPTIONS_LDFLAGS=''
BOOST_PROGRAM_OPTIONS_LDPATH=''
BOOST_PROGRAM_OPTIONS_LIBS=''
BOOST_ROOT=''
BOOST_SYSTEM_LDFLAGS=''
BOOST_SYSTEM_LDPATH=''
BOOST_SYSTEM_LIBS=''
CC='gcc'
CCDEPMODE=''
CFLAGS=''
CLANG_FORMAT=''
CPPFLAGS=''
CSCOPE=''
CTAGS=''
CXX='g++'
CXXCPP=''
CXXDEPMODE=''
CXXFLAGS=''
CYGPATH_W=''
DARWIN_FALSE=''
DARWIN_TRUE=''
DEFS=''
DEPDIR=''
DISTCHECK_CONFIGURE_FLAGS=''
DLLTOOL=''
DSYMUTIL=''
DUMPBIN=''
ECHO_C=''
ECHO_N='-n'
ECHO_T=''
EGREP=''
EMACS=''
EMACSLOADPATH=''
ENABLE_TCSH_FALSE=''
ENABLE_TCSH_TRUE=''
ETAGS=''
EXEEXT=''
FGREP=''
FILECMD=''
GREP=''
IA32_FREEBSD_FALSE=''
IA32_FREEBSD_TRUE=''
IA32_GNU_LINUX_FALSE=''
IA32_GNU_LINUX_TRUE=''
INSTALL_DATA='${INSTALL} -m 644'
INSTALL_PROGRAM='${INSTALL}'
INSTALL_SCRIPT='${INSTALL}'
INSTALL_STRIP_PROGRAM='$(install_sh) -c -s'
LD='ld'
LDFLAGS=''
LIBOBJS=''
LIBS=''
LIBTOOL=''
LIPO=''
LN_S=''
LTLIBOBJS=''
LT_SYS_LIBRARY_PATH=''
MAKEINFO=''
MANIFEST_TOOL=''
MKDIR_P='/nix/store/zwplch93wbpj82bp7riwaixmdx2xi0ah-coreutils-9.7/bin/mkdir -p'
NM='nm'
NMEDIT=''
NO_STRICT_ALIASING_CXXFLAGS=''
OBJDUMP='objdump'
OBJEXT=''
OTOOL64=''
OTOOL=''
PACKAGE=''
PACKAGE_BUGREPORT='tiger@lrde.epita.fr'
PACKAGE_NAME='LRE Tiger Compiler'
PACKAGE_STRING='LRE Tiger Compiler 1.95.a'
PACKAGE_TARNAME='tc'
PACKAGE_URL='http://tiger.lrde.epita.fr'
PACKAGE_VERSION='1.95.a'
PATH_SEPARATOR=':'
PYTHON=''
PYTHONINC=''
PYTHON_EXEC_PREFIX=''
PYTHON_PLATFORM=''
PYTHON_PREFIX=''
PYTHON_VERSION=''
RANLIB='ranlib'
REFLEX=''
SED=''
SET_MAKE=''
SHELL='/nix/store/l9k32vj2aczxw62134j1x0dsh569jz2l-bash-5.2p37/bin/bash'
STRIP='strip'
SUPPORTED_IA32_FALSE=''
SUPPORTED_IA32_TRUE=''
SWIG=''
SWIG_LIB=''
VERSION=''
WARNING_CXXFLAGS=''
ac_ct_AR=''
ac_ct_CC=''
ac_ct_CXX=''
ac_ct_DUMPBIN=''
am__EXEEXT_FALSE=''
am__EXEEXT_TRUE=''
am__fastdepCC_FALSE=''
am__fastdepCC_TRUE=''
am__fastdepCXX_FALSE=''
am__fastdepCXX_TRUE=''
am__include=''
am__isrc=' -I$(srcdir)'
am__leading_dot='.'
am__nodep=''
am__quote=''
am__tar=''
am__untar=''
bindir='${exec_prefix}/bin'
build=''
build_alias=''
build_cpu=''
build_os=''
build_vendor=''
datadir='${datarootdir}'
datarootdir='${prefix}/share'
docdir='${datarootdir}/doc/${PACKAGE_TARNAME}'
dvidir='${docdir}'
exec_prefix='NONE'
host=''
host_alias=''
host_cpu=''
host_os=''
host_vendor=''
htmldir='${docdir}'
includedir='${prefix}/include'
infodir='${datarootdir}/info'
install_sh='${SHELL} /home/joachim/Bureau/proj/Tiger/build-aux/install-sh'
libdir='${exec_prefix}/lib'
libexecdir='${exec_prefix}/libexec'
lispdir=''
localedir='${datarootdir}/locale'
localstatedir='${prefix}/var'
mandir='${datarootdir}/man'
mkdir_p=''
oldincludedir='/usr/include'
pdfdir='${docdir}'
pkgpyexecdir=''
pkgpythondir=''
prefix='NONE'
program_transform_name='s,x,x,'
psdir='${docdir}'
pyexecdir=''
pythondir=''
runstatedir='${localstatedir}/run'
sbindir='${exec_prefix}/sbin'
sharedstatedir='${prefix}/com'
sysconfdir='${prefix}/etc'
target_alias=''

## ----------- ##
## confdefs.h. ##
## ----------- ##

/* confdefs.h */
#define PACKAGE_NAME "LRE Tiger Compiler"
#define PACKAGE_TARNAME "tc"
#define PACKAGE_VERSION "1.95.a"
#define PACKAGE_STRING "LRE Tiger Compiler 1.95.a"
#define PACKAGE_BUGREPORT "tiger@lrde.epita.fr"
#define PACKAGE_URL "http://tiger.lrde.epita.fr"

configure: exit 1
